2024-02-25 18:07:15,020 ERROR [main][LoggingFailureAnalysisReporter.java:40] - 

***************************
APPLICATION FAILED TO START
***************************

Description:

Field mqMessageService in com.orange.edu.content.service.impl.CoursePublishServiceImpl required a bean of type 'com.orange.edu.messagesdk.service.MqMessageService' that could not be found.

The injection point has the following annotations:
	- @org.springframework.beans.factory.annotation.Autowired(required=true)


Action:

Consider defining a bean of type 'com.orange.edu.messagesdk.service.MqMessageService' in your configuration.

2024-02-25 18:21:58,839 ERROR [main][LoggingFailureAnalysisReporter.java:40] - 

***************************
APPLICATION FAILED TO START
***************************

Description:

Field coursePublishService in com.orange.edu.content.controller.CourseOpenController required a bean of type 'com.orange.edu.messagesdk.service.MqMessageService' that could not be found.

The injection point has the following annotations:
	- @org.springframework.beans.factory.annotation.Autowired(required=true)


Action:

Consider defining a bean of type 'com.orange.edu.messagesdk.service.MqMessageService' in your configuration.

2024-02-25 18:55:36,126 ERROR [main][LoggingFailureAnalysisReporter.java:40] - 

***************************
APPLICATION FAILED TO START
***************************

Description:

Field mqMessageService in com.orange.edu.content.service.impl.CoursePublishServiceImpl required a bean of type 'com.xuecheng.messagesdk.service.MqMessageService' that could not be found.

The injection point has the following annotations:
	- @org.springframework.beans.factory.annotation.Autowired(required=true)


Action:

Consider defining a bean of type 'com.xuecheng.messagesdk.service.MqMessageService' in your configuration.

