2024-02-25 19:00:39,314 ERROR [main][LoggingFailureAnalysisReporter.java:40] - 

***************************
APPLICATION FAILED TO START
***************************

Description:

Field mqMessageService in com.orange.edu.content.service.impl.CoursePublishServiceImpl required a bean of type 'com.orange.edu.messagesdk.service.MqMessageService' that could not be found.

The injection point has the following annotations:
	- @org.springframework.beans.factory.annotation.Autowired(required=true)


Action:

Consider defining a bean of type 'com.orange.edu.messagesdk.service.MqMessageService' in your configuration.

2024-02-25 19:11:04,686 ERROR [main][LoggingFailureAnalysisReporter.java:40] - 

***************************
APPLICATION FAILED TO START
***************************

Description:

Field mqMessageService in com.orange.edu.content.service.impl.CoursePublishServiceImpl required a bean of type 'com.orange.edu.messagesdk.service.MqMessageService' that could not be found.

The injection point has the following annotations:
	- @org.springframework.beans.factory.annotation.Autowired(required=true)


Action:

Consider defining a bean of type 'com.orange.edu.messagesdk.service.MqMessageService' in your configuration.

2024-02-25 19:17:34,571 ERROR [main][LoggingFailureAnalysisReporter.java:40] - 

***************************
APPLICATION FAILED TO START
***************************

Description:

Field mqMessageService in com.orange.edu.content.service.impl.CoursePublishServiceImpl required a bean of type 'com.orange.edu.messagesdk.service.MqMessageService' that could not be found.

The injection point has the following annotations:
	- @org.springframework.beans.factory.annotation.Autowired(required=true)


Action:

Consider defining a bean of type 'com.orange.edu.messagesdk.service.MqMessageService' in your configuration.

